<?xml version="1.0" encoding="UTF-8"?>
<Site BuildName="(empty)"
	BuildStamp="20250203-0000-Experimental"
	Name="lmk"
	Generator="ctest-3.16.3"
	CompilerName="/usr/bin/g++"
	CompilerVersion="9.4.0"
	OSName="Linux"
	Hostname="lmk"
	OSRelease="5.4.0-205-generic"
	OSVersion="#225-Ubuntu SMP Fri Jan 10 22:23:35 UTC 2025"
	OSPlatform="x86_64"
	Is64Bits="1"
	VendorString="GenuineIntel"
	VendorID="Intel Corporation"
	FamilyID="6"
	ModelID="158"
	ProcessorCacheSize="6144"
	NumberOfLogicalCPU="8"
	NumberOfPhysicalCPU="4"
	TotalVirtualMemory="22970"
	TotalPhysicalMemory="15870"
	LogicalProcessorsPerPhysical="2"
	ProcessorClockFrequency="3421.14"
	>
	<Testing>
		<StartDateTime>Feb 03 08:00 CST</StartDateTime>
		<StartTestTime>1738540841</StartTestTime>
		<TestList/>
		<EndDateTime>Feb 03 08:00 CST</EndDateTime>
		<EndTestTime>1738540841</EndTestTime>
		<ElapsedMinutes>0</ElapsedMinutes>
	</Testing>
</Site>
